<?xml version="1.0" encoding="UTF-8"?>
<!-- Generated by org.testng.reporters.JUnitReportReporter -->
<testsuite skipped="0" hostname="DESKTOP-OVVJR1P" name="TestCases.TC002" tests="1" failures="0" timestamp="15 Oct 2020 01:03:12 GMT" time="22.697" errors="0">
  <testcase name="TestQualifications" time="22.697" classname="TestCases.TC002"/>
</testsuite> <!-- TestCases.TC002 -->
