<?xml version="1.0" encoding="UTF-8"?>
<!-- Generated by org.testng.reporters.JUnitReportReporter -->
<testsuite skipped="0" hostname="DESKTOP-OVVJR1P" name="TestCases.TC001" tests="1" failures="0" timestamp="15 Oct 2020 01:03:12 GMT" time="4.092" errors="0">
  <testcase name="TestTC001" time="4.092" classname="TestCases.TC001"/>
</testsuite> <!-- TestCases.TC001 -->
